<?xml version="1.0" encoding="UTF-8"?>
<!-- Generated by org.testng.reporters.JUnitReportReporter -->
<testsuite hostname="anilkumar06" name="com.amazonAutomationFramework.TestPackage.test" tests="1" failures="0" timestamp="12 Feb 2020 05:41:47 GMT" time="5.498" errors="0">
  <testcase name="UserLoginTest" time="5.498" classname="com.amazonAutomationFramework.TestPackage.test"/>
</testsuite> <!-- com.amazonAutomationFramework.TestPackage.test -->
